<?xml version="1.0" encoding="UTF-8"?>
<!-- Generated by org.testng.reporters.JUnitXMLReporter -->
<testsuite ignored="1" hostname="Roushan" failures="0" tests="2" name="Default test" time="18.93" errors="0" timestamp="2025-07-04T20:43:12 IST">
  <testcase classname="selenium.tests.test1" name="fillForm" time="6.087"/>
  <testcase classname="selenium.tests.test1" name="fillForm" time="6.454"/>
  <testcase classname="selenium.tests.test1" name="SelectList" time="0.0">
    <ignored/>
  </testcase> <!-- SelectList -->
</testsuite> <!-- Default test -->
