<?xml version="1.0" encoding="UTF-8"?>
<testng-results ignored="1" total="3" passed="2" failed="0" skipped="0">
  <reporter-output>
  </reporter-output>
  <suite started-at="2025-07-04T20:42:53 IST" name="Default suite" finished-at="2025-07-04T20:43:12 IST" duration-ms="18930">
    <groups>
      <group name="selectFill">
        <method signature="test1.fillForm(java.util.HashMap)[pri:0, instance:selenium.tests.test1@815b41f]" name="fillForm" class="selenium.tests.test1"/>
      </group> <!-- selectFill -->
    </groups>
    <test started-at="2025-07-04T20:42:53 IST" name="Default test" finished-at="2025-07-04T20:43:12 IST" duration-ms="18930">
      <class name="selenium.tests.test1">
        <test-method is-config="true" signature="LounchApplication()[pri:0, instance:selenium.tests.test1@815b41f]" started-at="2025-07-04T20:42:53 IST" name="LounchApplication" finished-at="2025-07-04T20:42:56 IST" duration-ms="3178" status="PASS">
          <reporter-output>
          </reporter-output>
        </test-method> <!-- LounchApplication -->
        <test-method signature="fillForm(java.util.HashMap)[pri:0, instance:selenium.tests.test1@815b41f]" started-at="2025-07-04T20:42:56 IST" name="fillForm" data-provider="getData" finished-at="2025-07-04T20:43:03 IST" duration-ms="6087" status="PASS">
          <params>
            <param index="0">
              <value>
                <![CDATA[{name=Roushan Kumar, email=rroushan40@gmail.com}]]>
              </value>
            </param>
          </params>
          <reporter-output>
          </reporter-output>
        </test-method> <!-- fillForm -->
        <test-method is-config="true" signature="closeBrowser()[pri:0, instance:selenium.tests.test1@815b41f]" started-at="2025-07-04T20:43:03 IST" name="closeBrowser" finished-at="2025-07-04T20:43:03 IST" duration-ms="59" status="PASS">
          <reporter-output>
          </reporter-output>
        </test-method> <!-- closeBrowser -->
        <test-method is-config="true" signature="LounchApplication()[pri:0, instance:selenium.tests.test1@815b41f]" started-at="2025-07-04T20:43:03 IST" name="LounchApplication" finished-at="2025-07-04T20:43:05 IST" duration-ms="2802" status="PASS">
          <reporter-output>
          </reporter-output>
        </test-method> <!-- LounchApplication -->
        <test-method signature="fillForm(java.util.HashMap)[pri:0, instance:selenium.tests.test1@815b41f]" started-at="2025-07-04T20:43:05 IST" name="fillForm" data-provider="getData" finished-at="2025-07-04T20:43:12 IST" duration-ms="6454" status="PASS">
          <params>
            <param index="0">
              <value>
                <![CDATA[{name=Roushan Verma, email=roushankumar22145@gmail.com}]]>
              </value>
            </param>
          </params>
          <reporter-output>
          </reporter-output>
        </test-method> <!-- fillForm -->
        <test-method is-config="true" signature="closeBrowser()[pri:0, instance:selenium.tests.test1@815b41f]" started-at="2025-07-04T20:43:12 IST" name="closeBrowser" finished-at="2025-07-04T20:43:12 IST" duration-ms="30" status="PASS">
          <reporter-output>
          </reporter-output>
        </test-method> <!-- closeBrowser -->
      </class> <!-- selenium.tests.test1 -->
    </test> <!-- Default test -->
  </suite> <!-- Default suite -->
</testng-results>
